<?xml version="1.0" encoding="UTF-8"?>
<testsuite name="org.sidoh.words_with_robots.WordsWithRobotsTestCase" time="0.001" tests="1" errors="0" skipped="0" failures="1">
  <properties>
[...]
</properties>
  <testcase name="warning" classname="junit.framework.TestSuite$1" time="0.001">
    <failure message="No tests found in org.sidoh.words_with_robots.WordsWithRobotsTestCase" type="junit.framework.AssertionFailedError">junit.framework.AssertionFailedError: No tests found in org.sidoh.words_with_robots.WordsWithRobotsTestCase
	at junit.framework.Assert.fail(Assert.java:47)
	at junit.framework.TestSuite$1.runTest(TestSuite.java:97)
</failure>
  </testcase>
</testsuite>